<?xml version="1.0" encoding="UTF-8"?>
<!-- Generated by org.testng.reporters.JUnitReportReporter -->
<testsuite skipped="0" hostname="AsiF" name="TestRunner.PutApiRunnerTests" tests="1" failures="0" timestamp="2023-03-07T21:55:36 BDT" time="3.072" errors="0">
  <testcase name="runScenario" time="3.072" classname="TestRunner.PutApiRunnerTests"/>
  <system-out/>
</testsuite> <!-- TestRunner.PutApiRunnerTests -->
