<?xml version="1.0" encoding="UTF-8"?>
<!-- Generated by org.testng.reporters.JUnitReportReporter -->
<testsuite skipped="0" hostname="AsiF" name="TestRunner.PatchApiRunnerTests" tests="1" failures="0" timestamp="2023-03-07T21:55:49 BDT" time="2.859" errors="0">
  <testcase name="runScenario" time="2.859" classname="TestRunner.PatchApiRunnerTests"/>
  <system-out/>
</testsuite> <!-- TestRunner.PatchApiRunnerTests -->
