<?xml version="1.0" encoding="UTF-8"?>
<!-- Generated by org.testng.reporters.JUnitReportReporter -->
<testsuite skipped="0" hostname="AsiF" name="TestRunner.GetApiTestRunner" tests="1" failures="0" timestamp="2023-03-07T21:46:23 BDT" time="2.499" errors="0">
  <testcase name="runScenario" time="2.499" classname="TestRunner.GetApiTestRunner"/>
  <system-out/>
</testsuite> <!-- TestRunner.GetApiTestRunner -->
