<?xml version="1.0" encoding="UTF-8"?>
<!-- Generated by org.testng.reporters.JUnitReportReporter -->
<testsuite skipped="0" hostname="AsiF" name="TestRunner.PostApiRunnerTests" tests="1" failures="0" timestamp="2023-03-07T21:55:22 BDT" time="3.093" errors="0">
  <testcase name="runScenario" time="3.093" classname="TestRunner.PostApiRunnerTests"/>
  <system-out/>
</testsuite> <!-- TestRunner.PostApiRunnerTests -->
